Arguments: 
  /usr/local/bin/node /usr/local/bin/yarnpkg install

PATH: 
  /usr/local/bin:/usr/bin:/bin:/usr/sbin:/sbin

Yarn version: 
  1.22.5

Node version: 
  12.18.3

Platform: 
  darwin x64

Trace: 
  Error: write EADDRNOTAVAIL
      at WriteWrap.onWriteComplete [as oncomplete] (internal/stream_base_commons.js:92:16)
      at handleWriteReq (internal/stream_base_commons.js:58:21)
      at writeGeneric (internal/stream_base_commons.js:143:15)
      at TLSSocket.Socket._writeGeneric (net.js:786:11)
      at TLSSocket.Socket._write (net.js:798:8)
      at doWrite (_stream_writable.js:403:12)
      at clearBuffer (_stream_writable.js:542:7)
      at TLSSocket.Writable.uncork (_stream_writable.js:338:7)
      at ClientRequest._flushOutput (_http_outgoing.js:854:10)
      at ClientRequest._flush (_http_outgoing.js:823:22)

npm manifest: 
  {
    "main": "node_modules/expo/AppEntry.js",
    "scripts": {
      "start": "expo start",
      "android": "expo start --android",
      "ios": "expo start --ios",
      "web": "expo start --web",
      "eject": "expo eject"
    },
    "dependencies": {
      "expo": "~38.0.8",
      "expo-status-bar": "^1.0.2",
      "react": "~16.11.0",
      "react-dom": "~16.11.0",
      "react-native": "https://github.com/expo/react-native/archive/sdk-38.0.2.tar.gz",
      "react-native-web": "~0.11.7"
    },
    "devDependencies": {
      "@babel/core": "^7.8.6",
      "babel-preset-expo": "~8.1.0"
    },
    "private": true
  }

yarn manifest: 
  No manifest

Lockfile: 
  No lockfile
